{
  "RSpec": {
    "coverage": {
      "/home/squid/Documents/programming/repos/group-page/spec/features/events/create_event_spec.rb": {
        "lines": [
          1,
          null,
          1,
          null,
          7,
          2,
          2,
          null,
          1,
          1,
          1,
          1,
          1,
          1,
          1,
          1,
          1,
          1,
          1,
          null,
          null,
          1,
          1,
          1,
          1,
          1,
          1,
          null,
          1,
          1,
          1,
          1,
          1,
          1,
          null,
          null,
          null,
          1,
          1,
          1,
          1,
          1,
          1,
          null,
          null,
          1,
          1,
          1,
          1,
          1,
          1,
          null,
          null,
          1,
          1,
          1,
          1,
          1,
          1,
          null,
          null,
          1,
          1,
          1,
          1,
          null,
          null,
          1,
          1,
          1,
          1,
          1,
          1,
          1,
          1,
          1,
          1,
          1,
          null,
          null
        ]
      },
      "/home/squid/Documents/programming/repos/group-page/spec/rails_helper.rb": {
        "lines": [
          null,
          1,
          1,
          1,
          null,
          1,
          1,
          null,
          null,
          null,
          null,
          null,
          null,
          null,
          null,
          null,
          null,
          null,
          null,
          null,
          null,
          null,
          null,
          null,
          null,
          null,
          null,
          1,
          null,
          0,
          null,
          1,
          null,
          1,
          null,
          null,
          null,
          null,
          null,
          null,
          1,
          null,
          null,
          null,
          null,
          null,
          null,
          null,
          null,
          null,
          null,
          null,
          null,
          null,
          null,
          null,
          null,
          null,
          1,
          null,
          null,
          1,
          null,
          null,
          1,
          null,
          null,
          2
        ]
      },
      "/home/squid/Documents/programming/repos/group-page/config/environment.rb": {
        "lines": [
          null,
          1,
          null,
          null,
          1
        ]
      },
      "/home/squid/Documents/programming/repos/group-page/config/application.rb": {
        "lines": [
          1,
          null,
          1,
          null,
          null,
          null,
          1,
          null,
          1,
          1,
          null,
          1,
          null,
          null,
          null,
          null,
          1,
          null,
          null,
          null,
          null,
          null,
          null,
          null,
          null,
          null,
          null
        ]
      },
      "/home/squid/Documents/programming/repos/group-page/config/boot.rb": {
        "lines": [
          1,
          null,
          1,
          1
        ]
      },
      "/home/squid/Documents/programming/repos/group-page/config/environments/test.rb": {
        "lines": [
          1,
          null,
          null,
          null,
          null,
          null,
          null,
          1,
          null,
          null,
          null,
          1,
          null,
          null,
          null,
          null,
          null,
          1,
          null,
          null,
          1,
          1,
          null,
          null,
          null,
          null,
          1,
          1,
          1,
          null,
          null,
          1,
          null,
          null,
          1,
          null,
          null,
          1,
          null,
          1,
          null,
          null,
          null,
          null,
          1,
          null,
          null,
          1,
          null,
          null,
          1,
          null,
          null,
          1,
          null,
          null,
          null,
          null,
          null,
          null,
          null,
          null,
          1,
          null
        ]
      },
      "/home/squid/Documents/programming/repos/group-page/config/initializers/assets.rb": {
        "lines": [
          null,
          null,
          null,
          1,
          null,
          null,
          null,
          null,
          null,
          null,
          null,
          null
        ]
      },
      "/home/squid/Documents/programming/repos/group-page/config/initializers/content_security_policy.rb": {
        "lines": [
          null,
          null,
          null,
          null,
          null,
          null,
          null,
          null,
          null,
          null,
          null,
          null,
          null,
          null,
          null,
          null,
          null,
          null,
          null,
          null,
          null,
          null,
          null,
          null,
          null
        ]
      },
      "/home/squid/Documents/programming/repos/group-page/config/initializers/devise.rb": {
        "lines": [
          null,
          null,
          null,
          null,
          null,
          null,
          null,
          null,
          null,
          null,
          1,
          null,
          null,
          null,
          null,
          null,
          null,
          null,
          null,
          null,
          null,
          null,
          null,
          null,
          null,
          null,
          1,
          null,
          null,
          null,
          null,
          null,
          null,
          null,
          null,
          null,
          null,
          null,
          1,
          null,
          null,
          null,
          null,
          null,
          null,
          null,
          null,
          null,
          null,
          null,
          null,
          null,
          null,
          null,
          null,
          null,
          null,
          null,
          null,
          null,
          1,
          null,
          null,
          null,
          null,
          1,
          null,
          null,
          null,
          null,
          null,
          null,
          null,
          null,
          null,
          null,
          null,
          null,
          null,
          null,
          null,
          null,
          null,
          null,
          null,
          null,
          null,
          null,
          null,
          null,
          null,
          null,
          null,
          null,
          null,
          null,
          null,
          null,
          null,
          1,
          null,
          null,
          null,
          null,
          null,
          null,
          null,
          null,
          null,
          null,
          null,
          null,
          null,
          null,
          null,
          null,
          null,
          null,
          null,
          null,
          null,
          null,
          null,
          null,
          null,
          1,
          null,
          null,
          null,
          null,
          null,
          null,
          null,
          null,
          null,
          null,
          null,
          null,
          null,
          null,
          null,
          null,
          null,
          null,
          null,
          null,
          null,
          null,
          null,
          null,
          null,
          null,
          null,
          null,
          null,
          null,
          null,
          null,
          null,
          1,
          null,
          null,
          null,
          null,
          null,
          null,
          null,
          null,
          null,
          1,
          null,
          null,
          null,
          null,
          null,
          null,
          null,
          null,
          null,
          null,
          1,
          null,
          null,
          null,
          null,
          1,
          null,
          null,
          null,
          null,
          null,
          null,
          null,
          null,
          null,
          null,
          null,
          null,
          null,
          null,
          null,
          null,
          null,
          null,
          null,
          null,
          null,
          null,
          null,
          null,
          null,
          null,
          null,
          null,
          null,
          null,
          null,
          null,
          null,
          null,
          null,
          null,
          null,
          null,
          null,
          null,
          1,
          null,
          null,
          null,
          null,
          null,
          null,
          null,
          null,
          null,
          null,
          null,
          null,
          null,
          null,
          null,
          null,
          null,
          null,
          null,
          1,
          null,
          null,
          null,
          null,
          null,
          null,
          null,
          null,
          null,
          null,
          null,
          null,
          null,
          null,
          null,
          null,
          null,
          null,
          null,
          null,
          null,
          1,
          null,
          null,
          null,
          null,
          null,
          null,
          null,
          null,
          null,
          null,
          null,
          null,
          null,
          null,
          null,
          null,
          null,
          null,
          null,
          null,
          null,
          null,
          null,
          null,
          null,
          null,
          null,
          null,
          null,
          null,
          null,
          null,
          null,
          null,
          null,
          1,
          1,
          null,
          null,
          null,
          null,
          null,
          null,
          null
        ]
      },
      "/home/squid/Documents/programming/repos/group-page/config/initializers/filter_parameter_logging.rb": {
        "lines": [
          null,
          null,
          null,
          null,
          null,
          1,
          null,
          null
        ]
      },
      "/home/squid/Documents/programming/repos/group-page/config/initializers/inflections.rb": {
        "lines": [
          null,
          null,
          null,
          null,
          null,
          null,
          null,
          null,
          null,
          null,
          null,
          null,
          null,
          null,
          null,
          null
        ]
      },
      "/home/squid/Documents/programming/repos/group-page/config/initializers/permissions_policy.rb": {
        "lines": [
          null,
          null,
          null,
          null,
          null,
          null,
          null,
          null,
          null,
          null,
          null,
          null,
          null
        ]
      },
      "/home/squid/Documents/programming/repos/group-page/spec/factories.rb": {
        "lines": [
          1,
          null,
          null,
          null,
          1,
          90,
          90,
          null,
          1,
          53,
          null,
          null,
          1,
          76,
          null,
          null,
          1,
          5,
          null,
          null,
          1,
          5,
          null,
          null,
          null,
          null,
          1,
          null,
          null,
          null,
          1,
          22,
          22,
          12,
          null,
          1,
          6,
          null,
          null,
          1,
          6,
          null,
          null,
          null,
          null,
          1,
          null,
          null,
          null,
          1,
          9,
          null,
          1,
          3,
          null,
          null,
          null,
          null,
          null,
          null,
          1,
          null,
          null,
          null,
          null,
          null,
          null,
          1,
          null,
          null,
          null,
          null,
          1,
          12,
          null,
          null,
          null,
          null,
          1,
          null,
          null,
          null,
          null,
          null,
          null,
          null,
          1,
          null,
          null,
          null,
          1,
          37,
          null,
          null,
          null,
          null,
          1,
          null,
          null,
          null,
          null,
          null,
          null,
          1,
          null,
          null,
          null,
          1,
          43,
          null,
          null,
          null,
          null,
          1,
          null,
          null,
          null,
          null,
          null,
          null,
          null,
          null,
          null,
          null,
          1,
          null,
          null,
          null,
          1,
          43,
          null,
          null,
          null,
          null,
          1,
          null,
          null,
          null,
          null,
          null,
          null,
          null,
          null,
          null,
          null,
          null,
          null,
          null,
          null,
          null,
          null,
          null,
          null,
          null,
          null,
          null,
          null,
          null,
          null,
          null,
          null,
          null,
          null,
          null,
          null,
          null,
          null,
          1,
          null,
          null,
          null,
          1,
          4,
          null,
          null,
          null,
          null,
          1,
          null,
          null,
          null,
          null,
          null,
          null,
          null,
          null,
          null,
          null,
          null,
          null,
          null,
          1,
          null,
          null,
          null,
          1,
          8,
          null,
          null,
          null,
          1,
          null,
          null,
          1,
          51,
          51,
          51,
          51,
          null,
          1,
          1,
          1,
          null,
          1,
          1,
          null,
          null,
          1,
          1,
          null,
          null,
          1,
          1,
          null,
          null,
          1,
          25,
          null,
          null,
          1,
          8,
          null,
          null,
          null
        ]
      },
      "/home/squid/Documents/programming/repos/group-page/config/routes.rb": {
        "lines": [
          1,
          1,
          1,
          null,
          1,
          null,
          1,
          null,
          1,
          null,
          1,
          null,
          1,
          null,
          1,
          null,
          1,
          null,
          1,
          null,
          1,
          null,
          null,
          null,
          null,
          null,
          null,
          1,
          null
        ]
      },
      "/home/squid/Documents/programming/repos/group-page/app/models/user.rb": {
        "lines": [
          1,
          null,
          null,
          1,
          null,
          null,
          35,
          20,
          null
        ]
      },
      "/home/squid/Documents/programming/repos/group-page/app/models/application_record.rb": {
        "lines": [
          1,
          1,
          null
        ]
      },
      "/home/squid/Documents/programming/repos/group-page/app/helpers/application_helper.rb": {
        "lines": [
          1,
          null
        ]
      },
      "/home/squid/Documents/programming/repos/group-page/app/helpers/events_helper.rb": {
        "lines": [
          1,
          null
        ]
      },
      "/home/squid/Documents/programming/repos/group-page/app/helpers/executives_helper.rb": {
        "lines": [
          1,
          null
        ]
      },
      "/home/squid/Documents/programming/repos/group-page/app/helpers/members_helper.rb": {
        "lines": [
          1,
          null
        ]
      },
      "/home/squid/Documents/programming/repos/group-page/app/helpers/posts_helper.rb": {
        "lines": [
          1,
          null
        ]
      },
      "/home/squid/Documents/programming/repos/group-page/app/helpers/subgroups_helper.rb": {
        "lines": [
          1,
          null
        ]
      },
      "/home/squid/Documents/programming/repos/group-page/app/helpers/users_helper.rb": {
        "lines": [
          1,
          null
        ]
      },
      "/home/squid/Documents/programming/repos/group-page/spec/support/capybara.rb": {
        "lines": [
          1,
          1,
          null,
          1,
          1,
          null,
          null,
          null,
          null,
          null,
          null,
          1
        ]
      },
      "/home/squid/Documents/programming/repos/group-page/spec/features/events/destroy_event_spec.rb": {
        "lines": [
          1,
          null,
          1,
          null,
          2,
          2,
          2,
          null,
          1,
          1,
          1,
          1,
          1,
          1,
          1,
          1,
          1,
          1,
          null,
          null,
          1,
          1,
          1,
          1,
          1,
          null,
          null,
          1,
          1,
          1,
          1,
          1,
          0,
          0,
          0,
          0,
          0,
          null,
          null
        ]
      },
      "/home/squid/Documents/programming/repos/group-page/spec/features/events/edit_event_spec.rb": {
        "lines": [
          1,
          null,
          1,
          null,
          6,
          2,
          2,
          8,
          null,
          1,
          1,
          1,
          1,
          1,
          1,
          1,
          1,
          null,
          null,
          1,
          1,
          1,
          1,
          1,
          1,
          1,
          1,
          null,
          null,
          1,
          1,
          1,
          1,
          1,
          1,
          1,
          1,
          null,
          null,
          1,
          1,
          1,
          1,
          1,
          1,
          1,
          null,
          null,
          1,
          1,
          1,
          1,
          1,
          1,
          1,
          null,
          null,
          1,
          1,
          1,
          1,
          null,
          null,
          1,
          1,
          1,
          1,
          1,
          1,
          1,
          1,
          null,
          null
        ]
      },
      "/home/squid/Documents/programming/repos/group-page/spec/features/members/bargaining_team_spec.rb": {
        "lines": [
          1,
          null,
          1,
          null,
          3,
          null,
          1,
          1,
          1,
          1,
          null,
          null,
          1,
          1,
          1,
          1,
          1,
          1,
          1,
          1,
          1,
          1,
          1,
          1,
          null,
          null,
          1,
          1,
          1,
          1,
          1,
          1,
          1,
          1,
          1,
          1,
          1,
          null,
          null,
          1,
          1,
          1,
          1,
          1,
          1,
          1,
          1,
          1,
          1,
          1,
          null,
          null
        ]
      },
      "/home/squid/Documents/programming/repos/group-page/spec/features/members/create_member_spec.rb": {
        "lines": [
          1,
          null,
          1,
          null,
          12,
          2,
          null,
          1,
          1,
          1,
          1,
          1,
          1,
          1,
          1,
          1,
          1,
          1,
          1,
          1,
          1,
          1,
          1,
          1,
          1,
          1,
          1,
          1,
          1,
          1,
          1,
          1,
          1,
          1,
          1,
          1,
          1,
          1,
          1,
          null,
          null,
          1,
          1,
          1,
          1,
          1,
          1,
          1,
          1,
          1,
          1,
          1,
          1,
          1,
          1,
          1,
          1,
          1,
          1,
          1,
          1,
          1,
          1,
          1,
          1,
          null,
          null,
          null,
          1,
          1,
          1,
          1,
          1,
          1,
          1,
          1,
          1,
          1,
          1,
          1,
          1,
          1,
          1,
          1,
          1,
          1,
          1,
          1,
          1,
          1,
          1,
          1,
          null,
          null,
          null,
          1,
          1,
          1,
          1,
          1,
          1,
          1,
          1,
          1,
          1,
          1,
          1,
          1,
          1,
          1,
          1,
          1,
          1,
          1,
          1,
          1,
          1,
          1,
          1,
          null,
          null,
          null,
          1,
          1,
          1,
          1,
          1,
          1,
          1,
          1,
          1,
          1,
          1,
          1,
          1,
          1,
          1,
          1,
          1,
          1,
          1,
          1,
          1,
          1,
          1,
          1,
          null,
          null,
          1,
          1,
          1,
          1,
          1,
          1,
          1,
          1,
          1,
          1,
          1,
          1,
          1,
          1,
          null,
          1,
          1,
          1,
          1,
          1,
          1,
          1,
          1,
          1,
          1,
          null,
          null,
          1,
          1,
          1,
          1,
          1,
          1,
          1,
          1,
          1,
          1,
          1,
          1,
          1,
          1,
          null,
          1,
          1,
          1,
          1,
          1,
          1,
          1,
          1,
          1,
          1,
          null,
          null,
          1,
          1,
          1,
          1,
          1,
          1,
          1,
          1,
          1,
          1,
          1,
          1,
          1,
          1,
          null,
          1,
          1,
          1,
          1,
          1,
          1,
          1,
          1,
          1,
          1,
          null,
          null,
          1,
          1,
          1,
          1,
          1,
          1,
          1,
          1,
          1,
          1,
          1,
          1,
          1,
          1,
          null,
          1,
          1,
          1,
          null,
          1,
          1,
          1,
          1,
          1,
          1,
          null,
          null,
          1,
          1,
          1,
          1,
          1,
          1,
          1,
          1,
          1,
          1,
          1,
          1,
          1,
          1,
          null,
          1,
          1,
          1,
          1,
          1,
          1,
          1,
          1,
          1,
          null,
          null,
          1,
          1,
          1,
          1,
          null,
          null,
          1,
          1,
          1,
          1,
          null,
          null,
          1,
          1,
          1,
          1,
          1,
          null,
          null,
          1,
          1,
          1,
          1,
          null,
          null
        ]
      },
      "/home/squid/Documents/programming/repos/group-page/spec/features/members/destroy_member_spec.rb": {
        "lines": [
          1,
          null,
          1,
          null,
          2,
          2,
          null,
          1,
          1,
          1,
          1,
          1,
          1,
          1,
          1,
          1,
          1,
          null,
          null,
          1,
          1,
          1,
          1,
          1,
          1,
          null,
          null,
          1,
          1,
          1,
          1,
          1,
          null,
          null
        ]
      },
      "/home/squid/Documents/programming/repos/group-page/spec/features/members/edit_member_spec.rb": {
        "lines": [
          1,
          null,
          1,
          null,
          5,
          2,
          null,
          1,
          1,
          1,
          1,
          1,
          1,
          1,
          1,
          1,
          null,
          null,
          1,
          1,
          1,
          1,
          1,
          1,
          1,
          1,
          1,
          null,
          null,
          1,
          1,
          1,
          1,
          1,
          null,
          null,
          1,
          1,
          1,
          1,
          1,
          1,
          1,
          1,
          1,
          1,
          1,
          null,
          null,
          1,
          1,
          1,
          1,
          1,
          1,
          1,
          1,
          1,
          1,
          1,
          null,
          null
        ]
      },
      "/home/squid/Documents/programming/repos/group-page/spec/features/members/executive_member_spec.rb": {
        "lines": [
          1,
          null,
          1,
          null,
          3,
          null,
          1,
          1,
          1,
          1,
          null,
          null,
          1,
          1,
          1,
          1,
          1,
          1,
          1,
          1,
          1,
          1,
          1,
          1,
          null,
          null,
          1,
          1,
          1,
          1,
          1,
          1,
          1,
          1,
          1,
          1,
          1,
          1,
          1,
          null,
          null,
          1,
          1,
          1,
          1,
          1,
          1,
          1,
          1,
          1,
          1,
          1,
          1,
          null,
          null
        ]
      },
      "/home/squid/Documents/programming/repos/group-page/spec/features/members/filter_members_spec.rb": {
        "lines": [
          1,
          null,
          1,
          null,
          null,
          1,
          1,
          1,
          1,
          1,
          null,
          1,
          1,
          1,
          1,
          1,
          1,
          1,
          1,
          null,
          null,
          1,
          1,
          1,
          1,
          1,
          null,
          1,
          1,
          1,
          1,
          1,
          1,
          1,
          1,
          null,
          null,
          1,
          1,
          1,
          1,
          1,
          null,
          1,
          1,
          1,
          1,
          1,
          1,
          1,
          1,
          null,
          null,
          1,
          1,
          1,
          1,
          1,
          null,
          1,
          1,
          1,
          1,
          1,
          1,
          1,
          1,
          null,
          null,
          1,
          1,
          1,
          1,
          1,
          1,
          1,
          1,
          1,
          null,
          1,
          1,
          1,
          1,
          1,
          1,
          1,
          1,
          1,
          1,
          1,
          1,
          1,
          1,
          1,
          1,
          null,
          null,
          1,
          1,
          1,
          1,
          1,
          1,
          1,
          1,
          1,
          1,
          1,
          1,
          1,
          1,
          1,
          null,
          1,
          1,
          1,
          1,
          1,
          1,
          1,
          1,
          1,
          1,
          1,
          1,
          1,
          1,
          1,
          1,
          1,
          1,
          1,
          null,
          null
        ]
      },
      "/home/squid/Documents/programming/repos/group-page/spec/features/members/subgroup_spec.rb": {
        "lines": [
          1,
          null,
          1,
          null,
          3,
          null,
          1,
          1,
          1,
          1,
          1,
          1,
          1,
          1,
          1,
          1,
          1,
          1,
          1,
          1,
          null,
          null,
          1,
          1,
          1,
          1,
          1,
          1,
          1,
          1,
          1,
          1,
          1,
          1,
          1,
          1,
          1,
          null,
          null
        ]
      },
      "/home/squid/Documents/programming/repos/group-page/spec/features/posts/create_post_spec.rb": {
        "lines": [
          1,
          null,
          1,
          null,
          4,
          2,
          2,
          null,
          1,
          1,
          1,
          1,
          1,
          1,
          1,
          null,
          null,
          1,
          1,
          1,
          1,
          1,
          1,
          null,
          null,
          1,
          1,
          1,
          1,
          1,
          1,
          null,
          null,
          1,
          1,
          1,
          1,
          null,
          null,
          1,
          1,
          1,
          1,
          1,
          1,
          1,
          null,
          null
        ]
      },
      "/home/squid/Documents/programming/repos/group-page/spec/features/posts/destroy_post_spec.rb": {
        "lines": [
          1,
          null,
          1,
          null,
          2,
          2,
          2,
          null,
          null,
          null,
          1,
          1,
          1,
          1,
          1,
          1,
          1,
          1,
          1,
          1,
          null,
          null,
          1,
          1,
          1,
          1,
          1,
          null,
          null,
          1,
          1,
          1,
          1,
          1,
          1,
          1,
          1,
          1,
          1,
          null,
          null
        ]
      },
      "/home/squid/Documents/programming/repos/group-page/spec/features/posts/edit_post_spec.rb": {
        "lines": [
          1,
          null,
          1,
          null,
          4,
          2,
          2,
          6,
          null,
          1,
          1,
          1,
          1,
          1,
          1,
          1,
          1,
          null,
          null,
          1,
          1,
          1,
          1,
          1,
          1,
          1,
          null,
          null,
          1,
          1,
          1,
          1,
          1,
          1,
          1,
          null,
          null,
          1,
          1,
          1,
          1,
          null,
          null,
          1,
          1,
          1,
          1,
          1,
          1,
          1,
          1,
          null,
          null
        ]
      },
      "/home/squid/Documents/programming/repos/group-page/spec/features/users/approved_user_spec.rb": {
        "lines": [
          1,
          null,
          1,
          null,
          8,
          null,
          1,
          1,
          1,
          1,
          1,
          1,
          null,
          1,
          1,
          1,
          null,
          1,
          1,
          null,
          null,
          null,
          1,
          1,
          1,
          1,
          1,
          1,
          1,
          1,
          1,
          null,
          1,
          1,
          null,
          null,
          1,
          1,
          1,
          1,
          1,
          1,
          1,
          1,
          1,
          null,
          1,
          1,
          null,
          null,
          1,
          1,
          1,
          1,
          1,
          1,
          1,
          1,
          1,
          null,
          1,
          1,
          null,
          null,
          1,
          1,
          1,
          1,
          1,
          1,
          1,
          1,
          1,
          null,
          1,
          1,
          null,
          null,
          1,
          1,
          1,
          1,
          1,
          1,
          1,
          1,
          1,
          null,
          1,
          1,
          null,
          null,
          1,
          1,
          1,
          1,
          1,
          1,
          1,
          1,
          1,
          null,
          1,
          1,
          null,
          null
        ]
      },
      "/home/squid/Documents/programming/repos/group-page/spec/features/users/new_user_spec.rb": {
        "lines": [
          1,
          null,
          1,
          null,
          2,
          2,
          null,
          1,
          1,
          1,
          1,
          1,
          1,
          1,
          null,
          null,
          1,
          1,
          1,
          1,
          1,
          1,
          null,
          null,
          1,
          1,
          1,
          1,
          1,
          1,
          null,
          null
        ]
      },
      "/home/squid/Documents/programming/repos/group-page/spec/features/users/pending_user_spec.rb": {
        "lines": [
          1,
          null,
          1,
          null,
          4,
          null,
          1,
          1,
          1,
          1,
          1,
          1,
          1,
          null,
          1,
          1,
          null,
          null,
          null,
          1,
          1,
          1,
          1,
          1,
          1,
          1,
          null,
          1,
          1,
          1,
          null,
          1,
          1,
          null,
          null,
          null,
          1,
          1,
          1,
          1,
          1,
          1,
          1,
          null,
          1,
          1,
          1,
          1,
          null,
          1,
          1,
          null,
          null,
          null
        ]
      },
      "/home/squid/Documents/programming/repos/group-page/spec/features/users/visit_users_spec.rb": {
        "lines": [
          1,
          null,
          1,
          null,
          2,
          null,
          1,
          1,
          1,
          1,
          null,
          null,
          1,
          1,
          1,
          null,
          null
        ]
      },
      "/home/squid/Documents/programming/repos/group-page/spec/models/event_spec.rb": {
        "lines": [
          1,
          null,
          1,
          1,
          1,
          1,
          1,
          null,
          null,
          null,
          1,
          1,
          1,
          1,
          null,
          1,
          1,
          1,
          1,
          1,
          null,
          1,
          1,
          1,
          null,
          null,
          null,
          1,
          1,
          1,
          1,
          null,
          1,
          1,
          1,
          1,
          1,
          null,
          1,
          1,
          1,
          null,
          null,
          null
        ]
      },
      "/home/squid/Documents/programming/repos/group-page/app/models/event.rb": {
        "lines": [
          1,
          1,
          1,
          1,
          1,
          null,
          4,
          35,
          null,
          null,
          null,
          1,
          22,
          null,
          null
        ]
      },
      "/home/squid/Documents/programming/repos/group-page/spec/models/member_spec.rb": {
        "lines": [
          1,
          null,
          1,
          1,
          1,
          1,
          1,
          null,
          null,
          null,
          1,
          1,
          1,
          1,
          null,
          null,
          null
        ]
      },
      "/home/squid/Documents/programming/repos/group-page/app/models/member.rb": {
        "lines": [
          1,
          1,
          1,
          1,
          1,
          1,
          1,
          null,
          1,
          1,
          1,
          1,
          null,
          1,
          167,
          null,
          null,
          1,
          6,
          6,
          null,
          null,
          1,
          0,
          0,
          0,
          0,
          null,
          null,
          1,
          3,
          null,
          null,
          1,
          1,
          30,
          null,
          null,
          1,
          70,
          1,
          null,
          null,
          null,
          1,
          70,
          1,
          null,
          null,
          null
        ]
      },
      "/home/squid/Documents/programming/repos/group-page/spec/models/post_spec.rb": {
        "lines": [
          1,
          null,
          1,
          1,
          1,
          1,
          1,
          null,
          1,
          1,
          1,
          null,
          1,
          1,
          1,
          null,
          null,
          null
        ]
      },
      "/home/squid/Documents/programming/repos/group-page/app/models/post.rb": {
        "lines": [
          1,
          1,
          null,
          1,
          1,
          null,
          1,
          null,
          1,
          20,
          null,
          2,
          null,
          null
        ]
      },
      "/home/squid/Documents/programming/repos/group-page/spec/models/post_tag_spec.rb": {
        "lines": [
          1,
          null,
          1,
          1,
          null
        ]
      },
      "/home/squid/Documents/programming/repos/group-page/app/models/post_tag.rb": {
        "lines": [
          1,
          1,
          1,
          null
        ]
      },
      "/home/squid/Documents/programming/repos/group-page/spec/models/tag_spec.rb": {
        "lines": [
          1,
          null,
          1,
          1,
          null
        ]
      },
      "/home/squid/Documents/programming/repos/group-page/app/models/tag.rb": {
        "lines": [
          1,
          1,
          1,
          null,
          1,
          null
        ]
      },
      "/home/squid/Documents/programming/repos/group-page/spec/models/user_spec.rb": {
        "lines": [
          1,
          null,
          1,
          1,
          1,
          1,
          1,
          null,
          1,
          1,
          1,
          1,
          1,
          null,
          1,
          1,
          1,
          null,
          null,
          1,
          1,
          1,
          1,
          null,
          1,
          1,
          1,
          null,
          1,
          1,
          1,
          1,
          1,
          null,
          null,
          null
        ]
      },
      "/home/squid/Documents/programming/repos/group-page/app/controllers/events_controller.rb": {
        "lines": [
          1,
          1,
          1,
          7,
          null,
          null,
          1,
          7,
          null,
          7,
          2,
          null,
          5,
          null,
          null,
          null,
          1,
          12,
          null,
          12,
          12,
          null,
          null,
          1,
          12,
          null,
          null,
          1,
          6,
          null,
          null,
          1,
          6,
          null,
          6,
          4,
          null,
          2,
          null,
          null,
          null,
          1,
          1,
          1,
          null,
          1,
          null,
          null,
          1,
          null,
          1,
          13,
          null,
          null,
          1,
          29,
          null,
          null
        ]
      },
      "/home/squid/Documents/programming/repos/group-page/app/controllers/application_controller.rb": {
        "lines": [
          1,
          1,
          null,
          1,
          1,
          70,
          69,
          null,
          null,
          1,
          null,
          1,
          249,
          null,
          null
        ]
      },
      "/home/squid/Documents/programming/repos/group-page/app/models/region.rb": {
        "lines": [
          1,
          1,
          null,
          1,
          null
        ]
      },
      "/home/squid/Documents/programming/repos/group-page/app/models/department.rb": {
        "lines": [
          1,
          1,
          null,
          1,
          null
        ]
      },
      "/home/squid/Documents/programming/repos/group-page/app/models/classification.rb": {
        "lines": [
          1,
          1,
          null,
          1,
          null
        ]
      },
      "/home/squid/Documents/programming/repos/group-page/app/controllers/members_controller.rb": {
        "lines": [
          1,
          1,
          null,
          1,
          10,
          null,
          null,
          1,
          10,
          null,
          10,
          1,
          null,
          9,
          null,
          null,
          null,
          1,
          47,
          41,
          27,
          null,
          14,
          null,
          null,
          6,
          0,
          null,
          6,
          null,
          null,
          null,
          null,
          1,
          0,
          null,
          null,
          1,
          10,
          null,
          null,
          1,
          10,
          null,
          10,
          9,
          null,
          1,
          null,
          null,
          null,
          1,
          1,
          null,
          1,
          0,
          null,
          null,
          1,
          1,
          1,
          null,
          null,
          1,
          6,
          null,
          null,
          1,
          null,
          1,
          20,
          20,
          null,
          null,
          null,
          1,
          20,
          11,
          null,
          null,
          20,
          12,
          null,
          null,
          20,
          11,
          null,
          null,
          null,
          1,
          53,
          null,
          null,
          1,
          47,
          null,
          null
        ]
      },
      "/home/squid/Documents/programming/repos/group-page/app/models/subgroup.rb": {
        "lines": [
          1,
          1,
          null,
          1,
          null
        ]
      },
      "/home/squid/Documents/programming/repos/group-page/app/models/position.rb": {
        "lines": [
          1,
          1,
          null,
          1,
          null
        ]
      },
      "/home/squid/Documents/programming/repos/group-page/app/models/executive.rb": {
        "lines": [
          1,
          1,
          null,
          1,
          null
        ]
      },
      "/home/squid/Documents/programming/repos/group-page/app/controllers/users/sessions_controller.rb": {
        "lines": [
          null,
          null,
          1,
          null,
          1,
          null,
          null,
          null,
          null,
          null,
          null,
          null,
          null,
          null,
          null,
          null,
          null,
          null,
          null,
          null,
          null,
          null,
          null,
          null,
          null,
          null,
          null,
          1,
          null,
          1,
          2,
          null,
          2,
          1,
          1,
          null,
          null,
          null
        ]
      },
      "/home/squid/Documents/programming/repos/group-page/app/controllers/posts_controller.rb": {
        "lines": [
          1,
          1,
          1,
          19,
          19,
          null,
          19,
          19,
          null,
          0,
          null,
          null,
          null,
          1,
          4,
          4,
          null,
          null,
          1,
          4,
          null,
          null,
          4,
          0,
          0,
          null,
          null,
          4,
          2,
          null,
          2,
          2,
          null,
          null,
          null,
          1,
          11,
          null,
          null,
          1,
          4,
          4,
          null,
          null,
          1,
          4,
          null,
          null,
          4,
          0,
          0,
          null,
          null,
          4,
          2,
          0,
          0,
          null,
          null,
          2,
          null,
          2,
          2,
          null,
          null,
          null,
          1,
          2,
          2,
          null,
          2,
          null,
          null,
          1,
          1,
          8,
          null,
          null,
          1,
          20,
          null,
          null,
          1,
          19,
          null,
          null,
          1,
          19,
          null,
          null
        ]
      },
      "/home/squid/Documents/programming/repos/group-page/app/controllers/executives_controller.rb": {
        "lines": [
          1,
          1,
          6,
          null,
          null
        ]
      },
      "/home/squid/Documents/programming/repos/group-page/app/controllers/subgroups_controller.rb": {
        "lines": [
          1,
          null,
          1,
          4,
          null,
          null,
          1,
          0,
          null,
          null
        ]
      },
      "/home/squid/Documents/programming/repos/group-page/app/controllers/users_controller.rb": {
        "lines": [
          1,
          1,
          null,
          1,
          16,
          null,
          null,
          1,
          0,
          null,
          0,
          0,
          null,
          null,
          null,
          1,
          0,
          null,
          null,
          1,
          7,
          null,
          7,
          0,
          0,
          null,
          null,
          7,
          7,
          7,
          1,
          1,
          null,
          null,
          null,
          null,
          null,
          null,
          null,
          1,
          6,
          12,
          null,
          null,
          0,
          null,
          null,
          null,
          null,
          null,
          1,
          2,
          null,
          2,
          0,
          null,
          null,
          2,
          2,
          2,
          2,
          null,
          null,
          null,
          null,
          null,
          2,
          null,
          2,
          null,
          null,
          null,
          1,
          1,
          27,
          null,
          null,
          null
        ]
      },
      "/home/squid/Documents/programming/repos/group-page/app/controllers/users/registrations_controller.rb": {
        "lines": [
          null,
          null,
          1,
          null,
          null,
          null,
          null,
          null,
          null,
          null,
          null,
          null,
          null,
          1,
          1,
          1,
          null,
          null,
          null,
          null,
          null,
          null,
          null,
          null,
          null,
          null,
          null,
          null,
          null,
          null,
          null,
          null,
          null,
          null,
          null,
          null,
          null,
          null,
          null,
          null,
          null,
          null,
          null,
          null,
          null,
          null,
          null,
          null,
          null,
          null,
          null,
          null,
          null,
          null,
          null,
          null,
          null,
          null,
          null,
          null,
          null,
          null,
          null,
          1,
          null,
          1,
          1,
          null,
          null
        ]
      }
    },
    "timestamp": 1730829627
  }
}
